CRITICAL - 2023-01-09 20:21:59 --> Maximum execution time of 120 seconds exceeded
in SYSTEMPATH\Database\MySQLi\Connection.php on line 292.
 1 [internal function]: CodeIgniter\Debug\Exceptions->shutdownHandler()
CRITICAL - 2023-01-09 21:23:45 --> Undefined property: stdClass::$week
in APPPATH\Models\weekly.php on line 91.
 1 APPPATH\Models\weekly.php(91): CodeIgniter\Debug\Exceptions->errorHandler(2, 'Undefined property: stdClass::$week', 'APPPATH\\Models\\weekly.php', 91)
 2 APPPATH\Controllers\Home.php(21): App\Models\weekly->weekly(null, null, null)
 3 SYSTEMPATH\CodeIgniter.php(927): App\Controllers\Home->weekly()
 4 SYSTEMPATH\CodeIgniter.php(482): CodeIgniter\CodeIgniter->runController(Object(App\Controllers\Home))
 5 SYSTEMPATH\CodeIgniter.php(351): CodeIgniter\CodeIgniter->handleRequest(null, Object(Config\Cache), false)
 6 FCPATH\index.php(67): CodeIgniter\CodeIgniter->run()
CRITICAL - 2023-01-09 21:24:07 --> Undefined property: stdClass::$DAY
in APPPATH\Models\weekly.php on line 92.
 1 APPPATH\Models\weekly.php(92): CodeIgniter\Debug\Exceptions->errorHandler(2, 'Undefined property: stdClass::$DAY', 'APPPATH\\Models\\weekly.php', 92)
 2 APPPATH\Controllers\Home.php(21): App\Models\weekly->weekly(null, null, null)
 3 SYSTEMPATH\CodeIgniter.php(927): App\Controllers\Home->weekly()
 4 SYSTEMPATH\CodeIgniter.php(482): CodeIgniter\CodeIgniter->runController(Object(App\Controllers\Home))
 5 SYSTEMPATH\CodeIgniter.php(351): CodeIgniter\CodeIgniter->handleRequest(null, Object(Config\Cache), false)
 6 FCPATH\index.php(67): CodeIgniter\CodeIgniter->run()
CRITICAL - 2023-01-09 21:25:14 --> Undefined array key "week"
in APPPATH\Views\view_weekly.php on line 291.
 1 APPPATH\Views\view_weekly.php(291): CodeIgniter\Debug\Exceptions->errorHandler(2, 'Undefined array key "week"', 'APPPATH\\Views\\view_weekly.php', 291)
 2 SYSTEMPATH\View\View.php(213): include('APPPATH\\Views\\view_weekly.php')
 3 SYSTEMPATH\View\View.php(216): CodeIgniter\View\View->CodeIgniter\View\{closure}()
 4 SYSTEMPATH\Common.php(1134): CodeIgniter\View\View->render('view_weekly', [], true)
 5 APPPATH\Controllers\Home.php(32): view('view_weekly', [...])
 6 SYSTEMPATH\CodeIgniter.php(927): App\Controllers\Home->weekly()
 7 SYSTEMPATH\CodeIgniter.php(482): CodeIgniter\CodeIgniter->runController(Object(App\Controllers\Home))
 8 SYSTEMPATH\CodeIgniter.php(351): CodeIgniter\CodeIgniter->handleRequest(null, Object(Config\Cache), false)
 9 FCPATH\index.php(67): CodeIgniter\CodeIgniter->run()
CRITICAL - 2023-01-09 21:53:47 --> Undefined variable $week
in APPPATH\Views\view_weekly.php on line 67.
 1 APPPATH\Views\view_weekly.php(67): CodeIgniter\Debug\Exceptions->errorHandler(2, 'Undefined variable $week', 'APPPATH\\Views\\view_weekly.php', 67)
 2 SYSTEMPATH\View\View.php(213): include('APPPATH\\Views\\view_weekly.php')
 3 SYSTEMPATH\View\View.php(216): CodeIgniter\View\View->CodeIgniter\View\{closure}()
 4 SYSTEMPATH\Common.php(1134): CodeIgniter\View\View->render('view_weekly', [], true)
 5 APPPATH\Controllers\Home.php(32): view('view_weekly', [...])
 6 SYSTEMPATH\CodeIgniter.php(927): App\Controllers\Home->weekly()
 7 SYSTEMPATH\CodeIgniter.php(482): CodeIgniter\CodeIgniter->runController(Object(App\Controllers\Home))
 8 SYSTEMPATH\CodeIgniter.php(351): CodeIgniter\CodeIgniter->handleRequest(null, Object(Config\Cache), false)
 9 FCPATH\index.php(67): CodeIgniter\CodeIgniter->run()
ERROR - 2023-01-09 22:36:29 --> mysqli_sql_exception: You have an error in your SQL syntax; check the manual that corresponds to your MariaDB server version for the right syntax to use near 'and year(create_date) = 2023 AND network = ''
            GROUP BY week,network' at line 14 in C:\xampp1\htdocs\report\system\Database\MySQLi\Connection.php:292
Stack trace:
#0 C:\xampp1\htdocs\report\system\Database\MySQLi\Connection.php(292): mysqli->query('SELECT  count(d...', 0)
#1 C:\xampp1\htdocs\report\system\Database\BaseConnection.php(666): CodeIgniter\Database\MySQLi\Connection->execute('SELECT  count(d...')
#2 C:\xampp1\htdocs\report\system\Database\BaseConnection.php(593): CodeIgniter\Database\BaseConnection->simpleQuery('SELECT  count(d...')
#3 C:\xampp1\htdocs\report\app\Models\weekly.php(51): CodeIgniter\Database\BaseConnection->query('SELECT  count(d...')
#4 C:\xampp1\htdocs\report\app\Controllers\Home.php(21): App\Models\weekly->weekly('', '2022', '')
#5 C:\xampp1\htdocs\report\system\CodeIgniter.php(927): App\Controllers\Home->weekly()
#6 C:\xampp1\htdocs\report\system\CodeIgniter.php(482): CodeIgniter\CodeIgniter->runController(Object(App\Controllers\Home))
#7 C:\xampp1\htdocs\report\system\CodeIgniter.php(351): CodeIgniter\CodeIgniter->handleRequest(NULL, Object(Config\Cache), false)
#8 C:\xampp1\htdocs\report\public\index.php(67): CodeIgniter\CodeIgniter->run()
#9 {main}
CRITICAL - 2023-01-09 22:36:29 --> You have an error in your SQL syntax; check the manual that corresponds to your MariaDB server version for the right syntax to use near 'and year(create_date) = 2023 AND network = ''
            GROUP BY week,network' at line 14
in SYSTEMPATH\Database\MySQLi\Connection.php on line 292.
 1 SYSTEMPATH\Database\MySQLi\Connection.php(292): mysqli->query('SELECT  count(distinct influencer_id),
            network,    
            sum(post_total)as sum_post,
            count(distinct influencer_id) AS sum_influencer,
            year(create_date) as year,
            day(create_date) DAY,
            WEEK(create_date)AS week,
            MONTHNAME(create_date)AS  name_month,
            min(date(create_date))AS min,
            max(date(create_date))AS max,
            DATE(create_date) DATE,
            dayname(create_date) nameday
            FROM influencer_stat_post_recent 
            WHERE week(create_date) =  and year(create_date) = 2023 AND network = \'\'
            GROUP BY week,network', 0)
 2 SYSTEMPATH\Database\BaseConnection.php(666): CodeIgniter\Database\MySQLi\Connection->execute('SELECT  count(distinct influencer_id),
            network,    
            sum(post_total)as sum_post,
            count(distinct influencer_id) AS sum_influencer,
            year(create_date) as year,
            day(create_date) DAY,
            WEEK(create_date)AS week,
            MONTHNAME(create_date)AS  name_month,
            min(date(create_date))AS min,
            max(date(create_date))AS max,
            DATE(create_date) DATE,
            dayname(create_date) nameday
            FROM influencer_stat_post_recent 
            WHERE week(create_date) =  and year(create_date) = 2023 AND network = \'\'
            GROUP BY week,network')
 3 SYSTEMPATH\Database\BaseConnection.php(593): CodeIgniter\Database\BaseConnection->simpleQuery('SELECT  count(distinct influencer_id),
            network,    
            sum(post_total)as sum_post,
            count(distinct influencer_id) AS sum_influencer,
            year(create_date) as year,
            day(create_date) DAY,
            WEEK(create_date)AS week,
            MONTHNAME(create_date)AS  name_month,
            min(date(create_date))AS min,
            max(date(create_date))AS max,
            DATE(create_date) DATE,
            dayname(create_date) nameday
            FROM influencer_stat_post_recent 
            WHERE week(create_date) =  and year(create_date) = 2023 AND network = \'\'
            GROUP BY week,network')
 4 APPPATH\Models\weekly.php(51): CodeIgniter\Database\BaseConnection->query('SELECT  count(distinct influencer_id),
            network,    
            sum(post_total)as sum_post,
            count(distinct influencer_id) AS sum_influencer,
            year(create_date) as year,
            day(create_date) DAY,
            WEEK(create_date)AS week,
            MONTHNAME(create_date)AS  name_month,
            min(date(create_date))AS min,
            max(date(create_date))AS max,
            DATE(create_date) DATE,
            dayname(create_date) nameday
            FROM influencer_stat_post_recent 
            WHERE week(create_date) =  and year(create_date) = 2023 AND network = \'\'
            GROUP BY week,network')
 5 APPPATH\Controllers\Home.php(21): App\Models\weekly->weekly('ROOTPATH\\public', '2022', 'ROOTPATH\\public')
 6 SYSTEMPATH\CodeIgniter.php(927): App\Controllers\Home->weekly()
 7 SYSTEMPATH\CodeIgniter.php(482): CodeIgniter\CodeIgniter->runController(Object(App\Controllers\Home))
 8 SYSTEMPATH\CodeIgniter.php(351): CodeIgniter\CodeIgniter->handleRequest(null, Object(Config\Cache), false)
 9 FCPATH\index.php(67): CodeIgniter\CodeIgniter->run()
ERROR - 2023-01-09 22:38:20 --> mysqli_sql_exception: You have an error in your SQL syntax; check the manual that corresponds to your MariaDB server version for the right syntax to use near 'and year(create_date) = 2023 
            GROUP BY week,network' at line 14 in C:\xampp1\htdocs\report\system\Database\MySQLi\Connection.php:292
Stack trace:
#0 C:\xampp1\htdocs\report\system\Database\MySQLi\Connection.php(292): mysqli->query('SELECT  count(d...', 0)
#1 C:\xampp1\htdocs\report\system\Database\BaseConnection.php(666): CodeIgniter\Database\MySQLi\Connection->execute('SELECT  count(d...')
#2 C:\xampp1\htdocs\report\system\Database\BaseConnection.php(593): CodeIgniter\Database\BaseConnection->simpleQuery('SELECT  count(d...')
#3 C:\xampp1\htdocs\report\app\Models\weekly.php(51): CodeIgniter\Database\BaseConnection->query('SELECT  count(d...')
#4 C:\xampp1\htdocs\report\app\Controllers\Home.php(21): App\Models\weekly->weekly('', '2022', '')
#5 C:\xampp1\htdocs\report\system\CodeIgniter.php(927): App\Controllers\Home->weekly()
#6 C:\xampp1\htdocs\report\system\CodeIgniter.php(482): CodeIgniter\CodeIgniter->runController(Object(App\Controllers\Home))
#7 C:\xampp1\htdocs\report\system\CodeIgniter.php(351): CodeIgniter\CodeIgniter->handleRequest(NULL, Object(Config\Cache), false)
#8 C:\xampp1\htdocs\report\public\index.php(67): CodeIgniter\CodeIgniter->run()
#9 {main}
CRITICAL - 2023-01-09 22:38:20 --> You have an error in your SQL syntax; check the manual that corresponds to your MariaDB server version for the right syntax to use near 'and year(create_date) = 2023 
            GROUP BY week,network' at line 14
in SYSTEMPATH\Database\MySQLi\Connection.php on line 292.
 1 SYSTEMPATH\Database\MySQLi\Connection.php(292): mysqli->query('SELECT  count(distinct influencer_id),
            network,    
            sum(post_total)as sum_post,
            count(distinct influencer_id) AS sum_influencer,
            year(create_date) as year,
            day(create_date) DAY,
            WEEK(create_date)AS week,
            MONTHNAME(create_date)AS  name_month,
            min(date(create_date))AS min,
            max(date(create_date))AS max,
            DATE(create_date) DATE,
            dayname(create_date) nameday
            FROM influencer_stat_post_recent 
            WHERE week(create_date) =  and year(create_date) = 2023 
            GROUP BY week,network', 0)
 2 SYSTEMPATH\Database\BaseConnection.php(666): CodeIgniter\Database\MySQLi\Connection->execute('SELECT  count(distinct influencer_id),
            network,    
            sum(post_total)as sum_post,
            count(distinct influencer_id) AS sum_influencer,
            year(create_date) as year,
            day(create_date) DAY,
            WEEK(create_date)AS week,
            MONTHNAME(create_date)AS  name_month,
            min(date(create_date))AS min,
            max(date(create_date))AS max,
            DATE(create_date) DATE,
            dayname(create_date) nameday
            FROM influencer_stat_post_recent 
            WHERE week(create_date) =  and year(create_date) = 2023 
            GROUP BY week,network')
 3 SYSTEMPATH\Database\BaseConnection.php(593): CodeIgniter\Database\BaseConnection->simpleQuery('SELECT  count(distinct influencer_id),
            network,    
            sum(post_total)as sum_post,
            count(distinct influencer_id) AS sum_influencer,
            year(create_date) as year,
            day(create_date) DAY,
            WEEK(create_date)AS week,
            MONTHNAME(create_date)AS  name_month,
            min(date(create_date))AS min,
            max(date(create_date))AS max,
            DATE(create_date) DATE,
            dayname(create_date) nameday
            FROM influencer_stat_post_recent 
            WHERE week(create_date) =  and year(create_date) = 2023 
            GROUP BY week,network')
 4 APPPATH\Models\weekly.php(51): CodeIgniter\Database\BaseConnection->query('SELECT  count(distinct influencer_id),
            network,    
            sum(post_total)as sum_post,
            count(distinct influencer_id) AS sum_influencer,
            year(create_date) as year,
            day(create_date) DAY,
            WEEK(create_date)AS week,
            MONTHNAME(create_date)AS  name_month,
            min(date(create_date))AS min,
            max(date(create_date))AS max,
            DATE(create_date) DATE,
            dayname(create_date) nameday
            FROM influencer_stat_post_recent 
            WHERE week(create_date) =  and year(create_date) = 2023 
            GROUP BY week,network')
 5 APPPATH\Controllers\Home.php(21): App\Models\weekly->weekly('ROOTPATH\\public', '2022', 'ROOTPATH\\public')
 6 SYSTEMPATH\CodeIgniter.php(927): App\Controllers\Home->weekly()
 7 SYSTEMPATH\CodeIgniter.php(482): CodeIgniter\CodeIgniter->runController(Object(App\Controllers\Home))
 8 SYSTEMPATH\CodeIgniter.php(351): CodeIgniter\CodeIgniter->handleRequest(null, Object(Config\Cache), false)
 9 FCPATH\index.php(67): CodeIgniter\CodeIgniter->run()
ERROR - 2023-01-09 22:38:34 --> mysqli_sql_exception: You have an error in your SQL syntax; check the manual that corresponds to your MariaDB server version for the right syntax to use near 'and year(create_date) = 2023 
            GROUP BY week,network' at line 14 in C:\xampp1\htdocs\report\system\Database\MySQLi\Connection.php:292
Stack trace:
#0 C:\xampp1\htdocs\report\system\Database\MySQLi\Connection.php(292): mysqli->query('SELECT  count(d...', 0)
#1 C:\xampp1\htdocs\report\system\Database\BaseConnection.php(666): CodeIgniter\Database\MySQLi\Connection->execute('SELECT  count(d...')
#2 C:\xampp1\htdocs\report\system\Database\BaseConnection.php(593): CodeIgniter\Database\BaseConnection->simpleQuery('SELECT  count(d...')
#3 C:\xampp1\htdocs\report\app\Models\weekly.php(51): CodeIgniter\Database\BaseConnection->query('SELECT  count(d...')
#4 C:\xampp1\htdocs\report\app\Controllers\Home.php(21): App\Models\weekly->weekly('', '2022', '')
#5 C:\xampp1\htdocs\report\system\CodeIgniter.php(927): App\Controllers\Home->weekly()
#6 C:\xampp1\htdocs\report\system\CodeIgniter.php(482): CodeIgniter\CodeIgniter->runController(Object(App\Controllers\Home))
#7 C:\xampp1\htdocs\report\system\CodeIgniter.php(351): CodeIgniter\CodeIgniter->handleRequest(NULL, Object(Config\Cache), false)
#8 C:\xampp1\htdocs\report\public\index.php(67): CodeIgniter\CodeIgniter->run()
#9 {main}
CRITICAL - 2023-01-09 22:38:34 --> You have an error in your SQL syntax; check the manual that corresponds to your MariaDB server version for the right syntax to use near 'and year(create_date) = 2023 
            GROUP BY week,network' at line 14
in SYSTEMPATH\Database\MySQLi\Connection.php on line 292.
 1 SYSTEMPATH\Database\MySQLi\Connection.php(292): mysqli->query('SELECT  count(distinct influencer_id),
            network,    
            sum(post_total)as sum_post,
            count(distinct influencer_id) AS sum_influencer,
            year(create_date) as year,
            day(create_date) DAY,
            WEEK(create_date)AS week,
            MONTHNAME(create_date)AS  name_month,
            min(date(create_date))AS min,
            max(date(create_date))AS max,
            DATE(create_date) DATE,
            dayname(create_date) nameday
            FROM influencer_stat_post_recent 
            WHERE week(create_date) =  and year(create_date) = 2023 
            GROUP BY week,network', 0)
 2 SYSTEMPATH\Database\BaseConnection.php(666): CodeIgniter\Database\MySQLi\Connection->execute('SELECT  count(distinct influencer_id),
            network,    
            sum(post_total)as sum_post,
            count(distinct influencer_id) AS sum_influencer,
            year(create_date) as year,
            day(create_date) DAY,
            WEEK(create_date)AS week,
            MONTHNAME(create_date)AS  name_month,
            min(date(create_date))AS min,
            max(date(create_date))AS max,
            DATE(create_date) DATE,
            dayname(create_date) nameday
            FROM influencer_stat_post_recent 
            WHERE week(create_date) =  and year(create_date) = 2023 
            GROUP BY week,network')
 3 SYSTEMPATH\Database\BaseConnection.php(593): CodeIgniter\Database\BaseConnection->simpleQuery('SELECT  count(distinct influencer_id),
            network,    
            sum(post_total)as sum_post,
            count(distinct influencer_id) AS sum_influencer,
            year(create_date) as year,
            day(create_date) DAY,
            WEEK(create_date)AS week,
            MONTHNAME(create_date)AS  name_month,
            min(date(create_date))AS min,
            max(date(create_date))AS max,
            DATE(create_date) DATE,
            dayname(create_date) nameday
            FROM influencer_stat_post_recent 
            WHERE week(create_date) =  and year(create_date) = 2023 
            GROUP BY week,network')
 4 APPPATH\Models\weekly.php(51): CodeIgniter\Database\BaseConnection->query('SELECT  count(distinct influencer_id),
            network,    
            sum(post_total)as sum_post,
            count(distinct influencer_id) AS sum_influencer,
            year(create_date) as year,
            day(create_date) DAY,
            WEEK(create_date)AS week,
            MONTHNAME(create_date)AS  name_month,
            min(date(create_date))AS min,
            max(date(create_date))AS max,
            DATE(create_date) DATE,
            dayname(create_date) nameday
            FROM influencer_stat_post_recent 
            WHERE week(create_date) =  and year(create_date) = 2023 
            GROUP BY week,network')
 5 APPPATH\Controllers\Home.php(21): App\Models\weekly->weekly('ROOTPATH\\public', '2022', 'ROOTPATH\\public')
 6 SYSTEMPATH\CodeIgniter.php(927): App\Controllers\Home->weekly()
 7 SYSTEMPATH\CodeIgniter.php(482): CodeIgniter\CodeIgniter->runController(Object(App\Controllers\Home))
 8 SYSTEMPATH\CodeIgniter.php(351): CodeIgniter\CodeIgniter->handleRequest(null, Object(Config\Cache), false)
 9 FCPATH\index.php(67): CodeIgniter\CodeIgniter->run()
ERROR - 2023-01-09 23:31:19 --> mysqli_sql_exception: You have an error in your SQL syntax; check the manual that corresponds to your MariaDB server version for the right syntax to use near 'FROM influencer_stat_post_recent 
            WHERE  year(create_date) = 202...' at line 8 in C:\xampp1\htdocs\report\system\Database\MySQLi\Connection.php:292
Stack trace:
#0 C:\xampp1\htdocs\report\system\Database\MySQLi\Connection.php(292): mysqli->query('SELECT network,...', 0)
#1 C:\xampp1\htdocs\report\system\Database\BaseConnection.php(666): CodeIgniter\Database\MySQLi\Connection->execute('SELECT network,...')
#2 C:\xampp1\htdocs\report\system\Database\BaseConnection.php(593): CodeIgniter\Database\BaseConnection->simpleQuery('SELECT network,...')
#3 C:\xampp1\htdocs\report\app\Models\weekly.php(80): CodeIgniter\Database\BaseConnection->query('SELECT network,...')
#4 C:\xampp1\htdocs\report\app\Controllers\Home.php(21): App\Models\weekly->weekly('', '2022', '')
#5 C:\xampp1\htdocs\report\system\CodeIgniter.php(927): App\Controllers\Home->weekly()
#6 C:\xampp1\htdocs\report\system\CodeIgniter.php(482): CodeIgniter\CodeIgniter->runController(Object(App\Controllers\Home))
#7 C:\xampp1\htdocs\report\system\CodeIgniter.php(351): CodeIgniter\CodeIgniter->handleRequest(NULL, Object(Config\Cache), false)
#8 C:\xampp1\htdocs\report\public\index.php(67): CodeIgniter\CodeIgniter->run()
#9 {main}
CRITICAL - 2023-01-09 23:31:19 --> You have an error in your SQL syntax; check the manual that corresponds to your MariaDB server version for the right syntax to use near 'FROM influencer_stat_post_recent 
            WHERE  year(create_date) = 202...' at line 8
in SYSTEMPATH\Database\MySQLi\Connection.php on line 292.
 1 SYSTEMPATH\Database\MySQLi\Connection.php(292): mysqli->query('SELECT network,    
            sum(post_total)as sum_post,
            count(distinct influencer_id) AS sum_influencer,
            year(create_date) as year,
            MONTHNAME(create_date)AS  name_month,
            min(date(create_date))AS min,
            max(date(create_date))AS max,
            FROM influencer_stat_post_recent 
            WHERE  year(create_date) = 2022 
            GROUP BY network', 0)
 2 SYSTEMPATH\Database\BaseConnection.php(666): CodeIgniter\Database\MySQLi\Connection->execute('SELECT network,    
            sum(post_total)as sum_post,
            count(distinct influencer_id) AS sum_influencer,
            year(create_date) as year,
            MONTHNAME(create_date)AS  name_month,
            min(date(create_date))AS min,
            max(date(create_date))AS max,
            FROM influencer_stat_post_recent 
            WHERE  year(create_date) = 2022 
            GROUP BY network')
 3 SYSTEMPATH\Database\BaseConnection.php(593): CodeIgniter\Database\BaseConnection->simpleQuery('SELECT network,    
            sum(post_total)as sum_post,
            count(distinct influencer_id) AS sum_influencer,
            year(create_date) as year,
            MONTHNAME(create_date)AS  name_month,
            min(date(create_date))AS min,
            max(date(create_date))AS max,
            FROM influencer_stat_post_recent 
            WHERE  year(create_date) = 2022 
            GROUP BY network')
 4 APPPATH\Models\weekly.php(80): CodeIgniter\Database\BaseConnection->query('SELECT network,    
            sum(post_total)as sum_post,
            count(distinct influencer_id) AS sum_influencer,
            year(create_date) as year,
            MONTHNAME(create_date)AS  name_month,
            min(date(create_date))AS min,
            max(date(create_date))AS max,
            FROM influencer_stat_post_recent 
            WHERE  year(create_date) = 2022 
            GROUP BY network')
 5 APPPATH\Controllers\Home.php(21): App\Models\weekly->weekly('ROOTPATH\\public', '2022', 'ROOTPATH\\public')
 6 SYSTEMPATH\CodeIgniter.php(927): App\Controllers\Home->weekly()
 7 SYSTEMPATH\CodeIgniter.php(482): CodeIgniter\CodeIgniter->runController(Object(App\Controllers\Home))
 8 SYSTEMPATH\CodeIgniter.php(351): CodeIgniter\CodeIgniter->handleRequest(null, Object(Config\Cache), false)
 9 FCPATH\index.php(67): CodeIgniter\CodeIgniter->run()
