ERROR - 2023-01-17 02:43:14 --> mysqli_sql_exception: Table 'report.influencer_stat_post_recent' doesn't exist in C:\xampp1\htdocs\report\system\Database\MySQLi\Connection.php:292
Stack trace:
#0 C:\xampp1\htdocs\report\system\Database\MySQLi\Connection.php(292): mysqli->query('SELECT \tnetwork...', 0)
#1 C:\xampp1\htdocs\report\system\Database\BaseConnection.php(666): CodeIgniter\Database\MySQLi\Connection->execute('SELECT \tnetwork...')
#2 C:\xampp1\htdocs\report\system\Database\BaseConnection.php(593): CodeIgniter\Database\BaseConnection->simpleQuery('SELECT \tnetwork...')
#3 C:\xampp1\htdocs\report\app\Models\overall.php(15): CodeIgniter\Database\BaseConnection->query('SELECT \tnetwork...')
#4 C:\xampp1\htdocs\report\app\Libraries\ReportOverAll.php(11): App\Models\overall->overall()
#5 C:\xampp1\htdocs\report\app\Controllers\Home.php(40): App\Libraries\ReportOverAll->total_post_overall()
#6 C:\xampp1\htdocs\report\system\CodeIgniter.php(927): App\Controllers\Home->overall()
#7 C:\xampp1\htdocs\report\system\CodeIgniter.php(482): CodeIgniter\CodeIgniter->runController(Object(App\Controllers\Home))
#8 C:\xampp1\htdocs\report\system\CodeIgniter.php(351): CodeIgniter\CodeIgniter->handleRequest(NULL, Object(Config\Cache), false)
#9 C:\xampp1\htdocs\report\public\index.php(67): CodeIgniter\CodeIgniter->run()
#10 {main}
CRITICAL - 2023-01-17 02:43:14 --> Table 'report.influencer_stat_post_recent' doesn't exist
in SYSTEMPATH\Database\MySQLi\Connection.php on line 292.
 1 SYSTEMPATH\Database\MySQLi\Connection.php(292): mysqli->query('SELECT 	network,
			count(id) row_bot,
            
			count(distinct influencer_id) influencer, 
			sum(post_total)total_post 
            FROM influencer_stat_post_recent 
            GROUP BY network', 0)
 2 SYSTEMPATH\Database\BaseConnection.php(666): CodeIgniter\Database\MySQLi\Connection->execute('SELECT 	network,
			count(id) row_bot,
            
			count(distinct influencer_id) influencer, 
			sum(post_total)total_post 
            FROM influencer_stat_post_recent 
            GROUP BY network')
 3 SYSTEMPATH\Database\BaseConnection.php(593): CodeIgniter\Database\BaseConnection->simpleQuery('SELECT 	network,
			count(id) row_bot,
            
			count(distinct influencer_id) influencer, 
			sum(post_total)total_post 
            FROM influencer_stat_post_recent 
            GROUP BY network')
 4 APPPATH\Models\overall.php(15): CodeIgniter\Database\BaseConnection->query('SELECT 	network,
			count(id) row_bot,
            
			count(distinct influencer_id) influencer, 
			sum(post_total)total_post 
            FROM influencer_stat_post_recent 
            GROUP BY network')
 5 APPPATH\Libraries\ReportOverAll.php(11): App\Models\overall->overall()
 6 APPPATH\Controllers\Home.php(40): App\Libraries\ReportOverAll->total_post_overall()
 7 SYSTEMPATH\CodeIgniter.php(927): App\Controllers\Home->overall()
 8 SYSTEMPATH\CodeIgniter.php(482): CodeIgniter\CodeIgniter->runController(Object(App\Controllers\Home))
 9 SYSTEMPATH\CodeIgniter.php(351): CodeIgniter\CodeIgniter->handleRequest(null, Object(Config\Cache), false)
10 FCPATH\index.php(67): CodeIgniter\CodeIgniter->run()
ERROR - 2023-01-17 02:57:58 --> mysqli_sql_exception: You have an error in your SQL syntax; check the manual that corresponds to your MariaDB server version for the right syntax to use near 'count(distinct influencer_id) influencer, 
			sum(post_total)total_post 
  ...' at line 4 in C:\xampp1\htdocs\report\system\Database\MySQLi\Connection.php:292
Stack trace:
#0 C:\xampp1\htdocs\report\system\Database\MySQLi\Connection.php(292): mysqli->query('SELECT \tnetwork...', 0)
#1 C:\xampp1\htdocs\report\system\Database\BaseConnection.php(666): CodeIgniter\Database\MySQLi\Connection->execute('SELECT \tnetwork...')
#2 C:\xampp1\htdocs\report\system\Database\BaseConnection.php(593): CodeIgniter\Database\BaseConnection->simpleQuery('SELECT \tnetwork...')
#3 C:\xampp1\htdocs\report\app\Models\overall.php(15): CodeIgniter\Database\BaseConnection->query('SELECT \tnetwork...')
#4 C:\xampp1\htdocs\report\app\Libraries\ReportOverAll.php(11): App\Models\overall->overall()
#5 C:\xampp1\htdocs\report\app\Controllers\Home.php(40): App\Libraries\ReportOverAll->total_post_overall()
#6 C:\xampp1\htdocs\report\system\CodeIgniter.php(927): App\Controllers\Home->overall()
#7 C:\xampp1\htdocs\report\system\CodeIgniter.php(482): CodeIgniter\CodeIgniter->runController(Object(App\Controllers\Home))
#8 C:\xampp1\htdocs\report\system\CodeIgniter.php(351): CodeIgniter\CodeIgniter->handleRequest(NULL, Object(Config\Cache), false)
#9 C:\xampp1\htdocs\report\public\index.php(67): CodeIgniter\CodeIgniter->run()
#10 {main}
CRITICAL - 2023-01-17 02:57:58 --> You have an error in your SQL syntax; check the manual that corresponds to your MariaDB server version for the right syntax to use near 'count(distinct influencer_id) influencer, 
			sum(post_total)total_post 
  ...' at line 4
in SYSTEMPATH\Database\MySQLi\Connection.php on line 292.
 1 SYSTEMPATH\Database\MySQLi\Connection.php(292): mysqli->query('SELECT 	network,
			count(id) row_bot,
            sum(follower>=2500) as follower
			count(distinct influencer_id) influencer, 
			sum(post_total)total_post 
            FROM influencer_stat_post_recent 
            GROUP BY network', 0)
 2 SYSTEMPATH\Database\BaseConnection.php(666): CodeIgniter\Database\MySQLi\Connection->execute('SELECT 	network,
			count(id) row_bot,
            sum(follower>=2500) as follower
			count(distinct influencer_id) influencer, 
			sum(post_total)total_post 
            FROM influencer_stat_post_recent 
            GROUP BY network')
 3 SYSTEMPATH\Database\BaseConnection.php(593): CodeIgniter\Database\BaseConnection->simpleQuery('SELECT 	network,
			count(id) row_bot,
            sum(follower>=2500) as follower
			count(distinct influencer_id) influencer, 
			sum(post_total)total_post 
            FROM influencer_stat_post_recent 
            GROUP BY network')
 4 APPPATH\Models\overall.php(15): CodeIgniter\Database\BaseConnection->query('SELECT 	network,
			count(id) row_bot,
            sum(follower>=2500) as follower
			count(distinct influencer_id) influencer, 
			sum(post_total)total_post 
            FROM influencer_stat_post_recent 
            GROUP BY network')
 5 APPPATH\Libraries\ReportOverAll.php(11): App\Models\overall->overall()
 6 APPPATH\Controllers\Home.php(40): App\Libraries\ReportOverAll->total_post_overall()
 7 SYSTEMPATH\CodeIgniter.php(927): App\Controllers\Home->overall()
 8 SYSTEMPATH\CodeIgniter.php(482): CodeIgniter\CodeIgniter->runController(Object(App\Controllers\Home))
 9 SYSTEMPATH\CodeIgniter.php(351): CodeIgniter\CodeIgniter->handleRequest(null, Object(Config\Cache), false)
10 FCPATH\index.php(67): CodeIgniter\CodeIgniter->run()
CRITICAL - 2023-01-17 23:15:38 --> Maximum execution time of 120 seconds exceeded
in SYSTEMPATH\Database\MySQLi\Connection.php on line 292.
 1 [internal function]: CodeIgniter\Debug\Exceptions->shutdownHandler()
CRITICAL - 2023-01-17 23:15:38 --> Maximum execution time of 120 seconds exceeded
in SYSTEMPATH\Database\MySQLi\Connection.php on line 292.
 1 [internal function]: CodeIgniter\Debug\Exceptions->shutdownHandler()
